<?xml version="1.0" encoding="UTF-8"?>
<!-- Generated by org.testng.reporters.JUnitReportReporter -->
<testsuite hostname="Himanshu-PC" name="com.crm.qa.testcases.DemoTest" tests="1" failures="1" timestamp="9 Aug 2018 19:30:04 GMT" time="0.209" errors="0">
  <testcase name="getElementText" time="0.209" classname="com.crm.qa.testcases.DemoTest">
    <failure type="java.lang.AssertionError" message="CRM description not matched expected [Keep  single shared customer profile, company-wide. Know you&#039;re looking at the same up-to-date contact as service and marketing. Gain insight through a shared database system -- that&#039;s CRM.] but found [Keep a single shared customer profile, company-wide. Know you&#039;re looking at the same up-to-date contact as service and marketing. Gain insight through a shared database system -- that&#039;s CRM.]">
      <![CDATA[java.lang.AssertionError: CRM description not matched expected [Keep  single shared customer profile, company-wide. Know you're looking at the same up-to-date contact as service and marketing. Gain insight through a shared database system -- that's CRM.] but found [Keep a single shared customer profile, company-wide. Know you're looking at the same up-to-date contact as service and marketing. Gain insight through a shared database system -- that's CRM.]
	at org.testng.Assert.fail(Assert.java:94)
	at org.testng.Assert.failNotEquals(Assert.java:496)
	at org.testng.Assert.assertEquals(Assert.java:125)
	at org.testng.Assert.assertEquals(Assert.java:178)
	at com.crm.qa.testcases.DemoTest.getElementText(DemoTest.java:39)
	at sun.reflect.NativeMethodAccessorImpl.invoke0(Native Method)
	at sun.reflect.NativeMethodAccessorImpl.invoke(Unknown Source)
	at sun.reflect.DelegatingMethodAccessorImpl.invoke(Unknown Source)
	at java.lang.reflect.Method.invoke(Unknown Source)
	at org.testng.internal.MethodInvocationHelper.invokeMethod(MethodInvocationHelper.java:85)
	at org.testng.internal.Invoker.invokeMethod(Invoker.java:639)
	at org.testng.internal.Invoker.invokeTestMethod(Invoker.java:816)
	at org.testng.internal.Invoker.invokeTestMethods(Invoker.java:1124)
	at org.testng.internal.TestMethodWorker.invokeTestMethods(TestMethodWorker.java:125)
	at org.testng.internal.TestMethodWorker.run(TestMethodWorker.java:108)
	at org.testng.TestRunner.privateRun(TestRunner.java:774)
	at org.testng.TestRunner.run(TestRunner.java:624)
	at org.testng.SuiteRunner.runTest(SuiteRunner.java:359)
	at org.testng.SuiteRunner.runSequentially(SuiteRunner.java:354)
	at org.testng.SuiteRunner.privateRun(SuiteRunner.java:312)
	at org.testng.SuiteRunner.run(SuiteRunner.java:261)
	at org.testng.SuiteRunnerWorker.runSuite(SuiteRunnerWorker.java:52)
	at org.testng.SuiteRunnerWorker.run(SuiteRunnerWorker.java:86)
	at org.testng.TestNG.runSuitesSequentially(TestNG.java:1191)
	at org.testng.TestNG.runSuitesLocally(TestNG.java:1116)
	at org.testng.TestNG.run(TestNG.java:1024)
	at org.testng.remote.AbstractRemoteTestNG.run(AbstractRemoteTestNG.java:114)
	at org.testng.remote.RemoteTestNG.initAndRun(RemoteTestNG.java:251)
	at org.testng.remote.RemoteTestNG.main(RemoteTestNG.java:77)
]]>
    </failure>
  </testcase> <!-- getElementText -->
</testsuite> <!-- com.crm.qa.testcases.DemoTest -->
